MyTravelNote/build/outputs/logs/manifest-merger-release-report.txt
-- Merging decision tree log ---
manifest
ADDED from AndroidManifest.xml:1:1
	package
		ADDED from AndroidManifest.xml:2:5
	android:versionName
		ADDED from AndroidManifest.xml:4:5
	android:versionCode
		ADDED from AndroidManifest.xml:3:5
		INJECTED from AndroidManifest.xml:0:0
		INJECTED from AndroidManifest.xml:0:0
	xmlns:android
		ADDED from AndroidManifest.xml:1:11
uses-sdk
ADDED from AndroidManifest.xml:6:5
MERGED from Project:appcompat_v7:unspecified:20:5
MERGED from Project:google-play-services_lib:unspecified:23:5
MERGED from Project:sdk:unspecified:5:5
MERGED from Project:FacebookSDK:unspecified:20:5
	android:targetSdkVersion
		ADDED from AndroidManifest.xml:8:9
	android:minSdkVersion
		ADDED from AndroidManifest.xml:7:9
uses-permission#android.permission.CAMERA
ADDED from AndroidManifest.xml:10:2
	android:name
		ADDED from AndroidManifest.xml:10:19
uses-feature#android.hardware.camera
ADDED from AndroidManifest.xml:11:2
	android:name
		ADDED from AndroidManifest.xml:11:16
uses-permission#android.permission.CALL_PHONE
ADDED from AndroidManifest.xml:15:2
	android:name
		ADDED from AndroidManifest.xml:15:19
uses-permission#android.permission.VIBRATE
ADDED from AndroidManifest.xml:18:2
	android:name
		ADDED from AndroidManifest.xml:18:19
uses-permission#android.permission.WRITE_EXTERNAL_STORTAGE
ADDED from AndroidManifest.xml:21:2
	android:name
		ADDED from AndroidManifest.xml:21:19
uses-permission#android.permission.INTERNET
ADDED from AndroidManifest.xml:24:2
	android:name
		ADDED from AndroidManifest.xml:24:19
uses-permission#android.permission.ACCESS_NETWORK_STATE
ADDED from AndroidManifest.xml:25:2
	android:name
		ADDED from AndroidManifest.xml:25:19
uses-permission#android.permission.WRITE_EXTERNAL_STORAGE
ADDED from AndroidManifest.xml:26:2
	android:name
		ADDED from AndroidManifest.xml:26:19
uses-permission#android.permission.ACCESS_COARSE_LOCATION
ADDED from AndroidManifest.xml:28:2
	android:name
		ADDED from AndroidManifest.xml:28:19
uses-permission#android.permission.ACCESS_FINE_LOCATION
ADDED from AndroidManifest.xml:29:2
	android:name
		ADDED from AndroidManifest.xml:29:19
uses-feature#0x00020000
ADDED from AndroidManifest.xml:33:2
	android:glEsVersion
		ADDED from AndroidManifest.xml:33:16
	android:required
		ADDED from AndroidManifest.xml:33:49
application
ADDED from AndroidManifest.xml:35:5
MERGED from Project:appcompat_v7:unspecified:22:5
MERGED from Project:google-play-services_lib:unspecified:25:5
MERGED from Project:sdk:unspecified:9:5
MERGED from Project:FacebookSDK:unspecified:22:5
	android:label
		ADDED from AndroidManifest.xml:38:9
	android:allowBackup
		ADDED from AndroidManifest.xml:36:9
	android:icon
		ADDED from AndroidManifest.xml:37:9
	android:theme
		ADDED from AndroidManifest.xml:39:9
meta-data#com.google.android.gms.version
ADDED from AndroidManifest.xml:41:9
	android:value
		ADDED from AndroidManifest.xml:41:66
	android:name
		ADDED from AndroidManifest.xml:41:20
meta-data#com.google.android.maps.v2.API_KEY
ADDED from AndroidManifest.xml:42:9
	android:value
		ADDED from AndroidManifest.xml:42:70
	android:name
		ADDED from AndroidManifest.xml:42:20
meta-data#com.facebook.sdk.ApplicationId
ADDED from AndroidManifest.xml:44:34
	android:value
		ADDED from AndroidManifest.xml:44:91
	android:name
		ADDED from AndroidManifest.xml:44:45
activity#com.facebook.LoginActivity
ADDED from AndroidManifest.xml:45:9
	android:name
		ADDED from AndroidManifest.xml:45:19
activity#kr.example.mytravelnote.Intro
ADDED from AndroidManifest.xml:47:9
	android:screenOrientation
		ADDED from AndroidManifest.xml:51:13
	android:label
		ADDED from AndroidManifest.xml:49:13
	android:theme
		ADDED from AndroidManifest.xml:50:13
	android:name
		ADDED from AndroidManifest.xml:48:13
intent-filter#android.intent.action.MAIN+android.intent.category.LAUNCHER
ADDED from AndroidManifest.xml:52:13
action#android.intent.action.MAIN
ADDED from AndroidManifest.xml:53:17
	android:name
		ADDED from AndroidManifest.xml:53:25
category#android.intent.category.LAUNCHER
ADDED from AndroidManifest.xml:54:17
	android:name
		ADDED from AndroidManifest.xml:54:27
activity#kr.example.mytravelnote.MainActivity
ADDED from AndroidManifest.xml:58:9
	android:label
		ADDED from AndroidManifest.xml:61:13
	android:theme
		ADDED from AndroidManifest.xml:60:13
	android:name
		ADDED from AndroidManifest.xml:59:13
meta-data#com.kakao.sdk.AppKey
ADDED from AndroidManifest.xml:63:9
	android:value
		ADDED from AndroidManifest.xml:63:56
	android:name
		ADDED from AndroidManifest.xml:63:20
activity#com.nhn.android.naverlogin.ui.OAuthLoginActivity
ADDED from AndroidManifest.xml:66:9
	android:screenOrientation
		ADDED from AndroidManifest.xml:66:83
	android:theme
		ADDED from AndroidManifest.xml:66:120
	android:name
		ADDED from AndroidManifest.xml:66:19
activity#com.nhn.android.naverlogin.ui.OAuthLoginInAppBrowserActivity
ADDED from AndroidManifest.xml:67:9
	android:screenOrientation
		ADDED from AndroidManifest.xml:67:127
	android:label
		ADDED from AndroidManifest.xml:67:95
	android:name
		ADDED from AndroidManifest.xml:67:19
activity#kr.example.mytravelnote.SubActivity_photo
ADDED from AndroidManifest.xml:70:9
	android:label
		ADDED from AndroidManifest.xml:70:76
	android:theme
		ADDED from AndroidManifest.xml:70:110
	android:name
		ADDED from AndroidManifest.xml:70:19
activity#kr.example.mytravelnote.SubActivity2_notebook
ADDED from AndroidManifest.xml:72:9
	android:label
		ADDED from AndroidManifest.xml:72:80
	android:theme
		ADDED from AndroidManifest.xml:72:118
	android:name
		ADDED from AndroidManifest.xml:72:19
activity#kr.example.mytravelnote.SubActivity3_setting
ADDED from AndroidManifest.xml:74:9
	android:label
		ADDED from AndroidManifest.xml:74:79
	android:theme
		ADDED from AndroidManifest.xml:74:116
	android:name
		ADDED from AndroidManifest.xml:74:19
activity#kr.example.mytravelnote.SubActivity4_map
ADDED from AndroidManifest.xml:76:9
	android:label
		ADDED from AndroidManifest.xml:76:75
	android:theme
		ADDED from AndroidManifest.xml:76:108
	android:name
		ADDED from AndroidManifest.xml:76:19
activity#kr.example.mytravelnote.SubActivity5_database
ADDED from AndroidManifest.xml:78:9
	android:label
		ADDED from AndroidManifest.xml:78:80
	android:theme
		ADDED from AndroidManifest.xml:78:118
	android:name
		ADDED from AndroidManifest.xml:78:19
activity#kr.example.mytravelnote.SubActivity6_gallery
ADDED from AndroidManifest.xml:80:9
	android:label
		ADDED from AndroidManifest.xml:80:79
	android:theme
		ADDED from AndroidManifest.xml:80:116
	android:name
		ADDED from AndroidManifest.xml:80:19
activity#kr.example.mytravelnote.SubActivity7_information
ADDED from AndroidManifest.xml:82:9
	android:label
		ADDED from AndroidManifest.xml:82:83
	android:theme
		ADDED from AndroidManifest.xml:82:124
	android:name
		ADDED from AndroidManifest.xml:82:19
activity#kr.example.mytravelnote.SubActivity8_tourlist
ADDED from AndroidManifest.xml:84:9
	android:label
		ADDED from AndroidManifest.xml:84:80
	android:theme
		ADDED from AndroidManifest.xml:84:118
	android:name
		ADDED from AndroidManifest.xml:84:19
activity#kr.example.mytravelnote.SubActivity9_minutely
ADDED from AndroidManifest.xml:86:9
	android:label
		ADDED from AndroidManifest.xml:86:80
	android:theme
		ADDED from AndroidManifest.xml:86:118
	android:name
		ADDED from AndroidManifest.xml:86:19
activity#kr.example.mytravelnote.SubActivity10_facebook
ADDED from AndroidManifest.xml:88:9
	android:label
		ADDED from AndroidManifest.xml:88:81
	android:theme
		ADDED from AndroidManifest.xml:88:120
	android:name
		ADDED from AndroidManifest.xml:88:19
activity#kr.example.mytravelnote.SubActivity11_fsetival
ADDED from AndroidManifest.xml:90:9
	android:label
		ADDED from AndroidManifest.xml:90:81
	android:theme
		ADDED from AndroidManifest.xml:90:120
	android:name
		ADDED from AndroidManifest.xml:90:19
activity#kr.example.mytravelnote.SubActivity12_festival_minutely
ADDED from AndroidManifest.xml:92:9
	android:label
		ADDED from AndroidManifest.xml:92:90
	android:theme
		ADDED from AndroidManifest.xml:92:138
	android:name
		ADDED from AndroidManifest.xml:92:19
activity#kr.example.mytravelnote.SubActivity13_comment
ADDED from AndroidManifest.xml:94:9
	android:label
		ADDED from AndroidManifest.xml:94:80
	android:theme
		ADDED from AndroidManifest.xml:94:118
	android:name
		ADDED from AndroidManifest.xml:94:19